<?xml version="1.0" encoding="UTF-8"?>
<!-- Generated by org.testng.reporters.JUnitReportReporter -->
<testsuite hostname="Mukesh" failures="0" tests="1" name="mavenforjenkins.UITest" time="10.492" errors="0" timestamp="2025-03-24T23:32:30 IST" skipped="0">
  <testcase classname="mavenforjenkins.UITest" name="verifytitle" time="10.492"/>
  <system-out/>
</testsuite> <!-- mavenforjenkins.UITest -->
