<?xml version="1.0" encoding="UTF-8"?>
<!-- Generated by org.testng.reporters.JUnitReportReporter -->
<testsuite hostname="Mukesh" failures="0" tests="1" name="mavenforjenkins.UITest" time="11.389" errors="0" timestamp="2025-03-30T21:11:27 IST" skipped="0">
  <testcase classname="mavenforjenkins.UITest" name="verifytitle" time="11.389"/>
  <system-out/>
</testsuite> <!-- mavenforjenkins.UITest -->
